
=== Tue Mar  4 20:43:52 2025

Packages were changed.
Update Mode: mergeDefaultDependencies

The following packages were added:
  com.unity.modules.ai@1.0.0
  com.unity.modules.androidjni@1.0.0
  com.unity.modules.animation@1.0.0
  com.unity.modules.assetbundle@1.0.0
  com.unity.modules.audio@1.0.0
  com.unity.modules.cloth@1.0.0
  com.unity.modules.director@1.0.0
  com.unity.modules.imageconversion@1.0.0
  com.unity.modules.imgui@1.0.0
  com.unity.modules.jsonserialize@1.0.0
  com.unity.modules.particlesystem@1.0.0
  com.unity.modules.physics@1.0.0
  com.unity.modules.physics2d@1.0.0
  com.unity.modules.screencapture@1.0.0
  com.unity.modules.terrain@1.0.0
  com.unity.modules.terrainphysics@1.0.0
  com.unity.modules.tilemap@1.0.0
  com.unity.modules.ui@1.0.0
  com.unity.modules.uielements@1.0.0
  com.unity.modules.umbra@1.0.0
  com.unity.modules.unityanalytics@1.0.0
  com.unity.modules.unitywebrequest@1.0.0
  com.unity.modules.unitywebrequestassetbundle@1.0.0
  com.unity.modules.unitywebrequestaudio@1.0.0
  com.unity.modules.unitywebrequesttexture@1.0.0
  com.unity.modules.unitywebrequestwww@1.0.0
  com.unity.modules.vehicles@1.0.0
  com.unity.modules.video@1.0.0
  com.unity.modules.vr@1.0.0
  com.unity.modules.wind@1.0.0
  com.unity.modules.xr@1.0.0
The following packages were updated:
  com.unity.collab-proxy from version 1.13.5 to 2.6.0
  com.unity.textmeshpro from version 3.0.6 to 3.0.7
  com.unity.timeline from version 1.6.2 to 1.7.6
  com.unity.visualscripting from version 1.7.6 to 1.9.4

=== Tue Mar  4 21:36:38 2025

Packages were changed.
Update Mode: updateDependencies

The following packages were updated:
  com.unity.addressables from version 1.21.12 to 1.22.3
  com.unity.burst from version 1.8.4 to 1.8.18
  com.unity.cinemachine from version 2.9.7 to 2.10.3
  com.unity.collab-proxy from version 2.0.7 to 2.6.0
  com.unity.ide.rider from version 3.0.31 to 3.0.34
  com.unity.probuilder from version 5.0.7 to 5.2.3
  com.unity.render-pipelines.core from version 14.0.7 to 14.0.11
  com.unity.render-pipelines.universal from version 14.0.7 to 14.0.11
  com.unity.scriptablebuildpipeline from version 1.21.5 to 1.21.25
  com.unity.shadergraph from version 14.0.7 to 14.0.11
  com.unity.xr.legacyinputhelpers from version 2.1.10 to 2.1.11
  com.unity.xr.management from version 4.3.3 to 4.4.0

=== Tue Mar  4 21:36:38 2025

Packages were changed.
Update Mode: mergeDefaultDependencies

The following packages were added:
  com.unity.2d.sprite@1.0.0
  com.unity.2d.tilemap@1.0.0
  com.unity.addressables@1.22.3
  com.unity.ai.navigation@1.1.5
  com.unity.burst@1.8.18
  com.unity.cinemachine@2.10.3
  com.unity.ext.nunit@1.0.6
  com.unity.external.test-protocol@1.0.0-preview
  com.unity.ide.rider@3.0.34
  com.unity.ide.visualstudio@2.0.22
  com.unity.ide.vscode@1.2.5
  com.unity.mathematics@1.2.6
  com.unity.nuget.newtonsoft-json@3.2.1
  com.unity.probuilder@5.2.3
  com.unity.render-pipelines.core@14.0.11
  com.unity.render-pipelines.universal@14.0.11
  com.unity.scriptablebuildpipeline@1.21.25
  com.unity.searcher@4.9.2
  com.unity.settings-manager@2.0.1
  com.unity.shadergraph@14.0.11
  com.unity.subsystemregistration@1.1.1
  com.unity.test-framework@1.1.33
  com.unity.test-framework.performance@2.8.0-preview
  com.unity.testframework.graphics@7.8.22-exp.2
  com.unity.xr.legacyinputhelpers@2.1.11
  com.unity.xr.management@4.4.0
  com.unity.modules.subsystems@1.0.0
The following packages were updated:
  com.unity.textmeshpro from version 3.0.7 to 3.0.9
